<?xml version="1.0" encoding="UTF-8"?>
<testsuite name="As an user" tests="1" skipped="0" failures="0" errors="0" timestamp="2021-04-30T21:21:21" hostname="DESKTOP-J85MNPV" time="13.16">
  <properties/>
  <testcase name="Update user successfully" classname="As an user" time="13.16"/>
  <system-out><![CDATA[Body:
{
    "firstName": "laura",
    "lastName": "barbosa",
    "password": "abarbosa123",
    "userStatus": "5",
    "phone": "3233213211",
    "id": "0111",
    "email": "abarbosa@pruebas.com",
    "username": "abarbosa1"
}
Request method:	GET
Request URI:	https://petstore.swagger.io/v2/user/abarbosa1
Proxy:			<none>
Request params:	<none>
Query params:	<none>
Form params:	<none>
Path params:	<none>
Headers:		Accept=*/*
Cookies:		<none>
Multiparts:		<none>
Body:			<none>
laura
]]></system-out>
  <system-err><![CDATA[[Test worker] INFO net.thucydides.core.steps.ConsoleLoggingListener - 
        __    _____ _____ ____ _____   ____   _    ____  ____  _____ ____  
  _     \ \  |_   _| ____/ ___|_   _| |  _ \ / \  / ___|/ ___|| ____|  _ \ 
 (_)_____| |   | | |  _| \___ \ | |   | |_) / _ \ \___ \\___ \|  _| | | | |
  _|_____| |   | | | |___ ___) || |   |  __/ ___ \ ___) |___) | |___| |_| |
 (_)     | |   |_| |_____|____/ |_|   |_| /_/   \_\____/|____/|_____|____/ 
        /_/                                                                

TEST PASSED: Update user successfully
----------------------------------------------------------------------------
]]></system-err>
</testsuite>
